[3.216s] Invoking command in '/opt/drone_project/ros2_ws/src/build/crazyflie_examples': AMENT_PREFIX_PATH=/opt/drone_project/ros2_ws/src/install/crazyflie_py:/opt/drone_project/ros2_ws/src/install/crazyflie_interfaces:${AMENT_PREFIX_PATH} CMAKE_PREFIX_PATH=/opt/drone_project/ros2_ws/src/install/crazyflie_interfaces:/opt/drone_project/ros2_ws/install/motion_capture_tracking:/opt/drone_project/ros2_ws/install/crazyflie:/opt/drone_project/ros2_ws/install/motion_capture_tracking_interfaces:/opt/drone_project/ros2_ws/install/crazyflie_sim:/opt/drone_project/ros2_ws/install/crazyflie_examples:/opt/drone_project/ros2_ws/install/crazyflie_interfaces:/opt/drone_project/ros2_ws/install/crazyflie_py:/opt/ros/humble LD_LIBRARY_PATH=/opt/drone_project/ros2_ws/src/install/crazyflie_interfaces/lib:${LD_LIBRARY_PATH} PYTHONPATH=/opt/drone_project/ros2_ws/src/build/crazyflie_py:/opt/drone_project/ros2_ws/src/install/crazyflie_py/lib/python3.10/site-packages:/opt/drone_project/ros2_ws/src/install/crazyflie_interfaces/local/lib/python3.10/dist-packages:${PYTHONPATH} /usr/bin/cmake /opt/drone_project/ros2_ws/src/crazyswarm2/crazyflie_examples -DAMENT_CMAKE_SYMLINK_INSTALL=1 -DCMAKE_INSTALL_PREFIX=/opt/drone_project/ros2_ws/src/install/crazyflie_examples
[4.750s] -- The C compiler identification is GNU 11.3.0
[10.257s] -- The CXX compiler identification is GNU 11.3.0
[15.345s] -- Detecting C compiler ABI info
[17.013s] -- Detecting C compiler ABI info - done
[17.072s] -- Check for working C compiler: /usr/bin/cc - skipped
[17.074s] -- Detecting C compile features
[17.080s] -- Detecting C compile features - done
[17.097s] -- Detecting CXX compiler ABI info
[19.044s] -- Detecting CXX compiler ABI info - done
[19.098s] -- Check for working CXX compiler: /usr/bin/c++ - skipped
[19.099s] -- Detecting CXX compile features
[19.100s] -- Detecting CXX compile features - done
[19.102s] -- Found ament_cmake: 1.3.3 (/opt/ros/humble/share/ament_cmake/cmake)
[20.170s] -- Found Python3: /usr/bin/python3.10 (found version "3.10.6") found components: Interpreter 
[20.486s] -- Override CMake install command with custom implementation using symlinks instead of copying resources
[21.441s] -- Configuring done
[21.466s] -- Generating done
[21.471s] -- Build files have been written to: /opt/drone_project/ros2_ws/src/build/crazyflie_examples
[21.493s] Invoked command in '/opt/drone_project/ros2_ws/src/build/crazyflie_examples' returned '0': AMENT_PREFIX_PATH=/opt/drone_project/ros2_ws/src/install/crazyflie_py:/opt/drone_project/ros2_ws/src/install/crazyflie_interfaces:${AMENT_PREFIX_PATH} CMAKE_PREFIX_PATH=/opt/drone_project/ros2_ws/src/install/crazyflie_interfaces:/opt/drone_project/ros2_ws/install/motion_capture_tracking:/opt/drone_project/ros2_ws/install/crazyflie:/opt/drone_project/ros2_ws/install/motion_capture_tracking_interfaces:/opt/drone_project/ros2_ws/install/crazyflie_sim:/opt/drone_project/ros2_ws/install/crazyflie_examples:/opt/drone_project/ros2_ws/install/crazyflie_interfaces:/opt/drone_project/ros2_ws/install/crazyflie_py:/opt/ros/humble LD_LIBRARY_PATH=/opt/drone_project/ros2_ws/src/install/crazyflie_interfaces/lib:${LD_LIBRARY_PATH} PYTHONPATH=/opt/drone_project/ros2_ws/src/build/crazyflie_py:/opt/drone_project/ros2_ws/src/install/crazyflie_py/lib/python3.10/site-packages:/opt/drone_project/ros2_ws/src/install/crazyflie_interfaces/local/lib/python3.10/dist-packages:${PYTHONPATH} /usr/bin/cmake /opt/drone_project/ros2_ws/src/crazyswarm2/crazyflie_examples -DAMENT_CMAKE_SYMLINK_INSTALL=1 -DCMAKE_INSTALL_PREFIX=/opt/drone_project/ros2_ws/src/install/crazyflie_examples
[21.500s] Invoking command in '/opt/drone_project/ros2_ws/src/build/crazyflie_examples': AMENT_PREFIX_PATH=/opt/drone_project/ros2_ws/src/install/crazyflie_py:/opt/drone_project/ros2_ws/src/install/crazyflie_interfaces:${AMENT_PREFIX_PATH} CMAKE_PREFIX_PATH=/opt/drone_project/ros2_ws/src/install/crazyflie_interfaces:/opt/drone_project/ros2_ws/install/motion_capture_tracking:/opt/drone_project/ros2_ws/install/crazyflie:/opt/drone_project/ros2_ws/install/motion_capture_tracking_interfaces:/opt/drone_project/ros2_ws/install/crazyflie_sim:/opt/drone_project/ros2_ws/install/crazyflie_examples:/opt/drone_project/ros2_ws/install/crazyflie_interfaces:/opt/drone_project/ros2_ws/install/crazyflie_py:/opt/ros/humble LD_LIBRARY_PATH=/opt/drone_project/ros2_ws/src/install/crazyflie_interfaces/lib:${LD_LIBRARY_PATH} PYTHONPATH=/opt/drone_project/ros2_ws/src/build/crazyflie_py:/opt/drone_project/ros2_ws/src/install/crazyflie_py/lib/python3.10/site-packages:/opt/drone_project/ros2_ws/src/install/crazyflie_interfaces/local/lib/python3.10/dist-packages:${PYTHONPATH} /usr/bin/cmake --build /opt/drone_project/ros2_ws/src/build/crazyflie_examples -- -j12 -l12
[21.701s] Built target ament_cmake_python_symlink_crazyflie_examples
[21.706s] Built target ament_cmake_python_symlink_crazyflie_examples_setup
[22.916s] running install_scripts
[22.927s] /usr/lib/python3/dist-packages/setuptools/command/install.py:34: SetuptoolsDeprecationWarning: setup.py install is deprecated. Use build and pip and other standards-based tools.
[22.928s]   warnings.warn(
[23.001s] running egg_info
[23.011s] creating crazyflie_examples.egg-info
[23.013s] writing crazyflie_examples.egg-info/PKG-INFO
[23.014s] writing dependency_links to crazyflie_examples.egg-info/dependency_links.txt
[23.015s] writing entry points to crazyflie_examples.egg-info/entry_points.txt
[23.016s] writing top-level names to crazyflie_examples.egg-info/top_level.txt
[23.018s] writing manifest file 'crazyflie_examples.egg-info/SOURCES.txt'
[23.034s] reading manifest file 'crazyflie_examples.egg-info/SOURCES.txt'
[23.041s] running egg_info
[23.044s] writing manifest file 'crazyflie_examples.egg-info/SOURCES.txt'
[23.049s] writing crazyflie_examples.egg-info/PKG-INFO
[23.050s] writing dependency_links to crazyflie_examples.egg-info/dependency_links.txt
[23.051s] writing entry points to crazyflie_examples.egg-info/entry_points.txt
[23.052s] writing top-level names to crazyflie_examples.egg-info/top_level.txt
[23.063s] reading manifest file 'crazyflie_examples.egg-info/SOURCES.txt'
[23.067s] writing manifest file 'crazyflie_examples.egg-info/SOURCES.txt'
[23.073s] Installing cmd_full_state script to scripts
[23.075s] Installing figure8 script to scripts
[23.076s] Installing hello_world script to scripts
[23.076s] Installing multi_trajectory script to scripts
[23.077s] Installing nice_hover script to scripts
[23.077s] Installing set_param script to scripts
[23.219s] Built target ament_cmake_python_build_crazyflie_examples_scripts
[23.223s] Built target ament_cmake_python_build_crazyflie_examples_egg
[23.262s] Invoked command in '/opt/drone_project/ros2_ws/src/build/crazyflie_examples' returned '0': AMENT_PREFIX_PATH=/opt/drone_project/ros2_ws/src/install/crazyflie_py:/opt/drone_project/ros2_ws/src/install/crazyflie_interfaces:${AMENT_PREFIX_PATH} CMAKE_PREFIX_PATH=/opt/drone_project/ros2_ws/src/install/crazyflie_interfaces:/opt/drone_project/ros2_ws/install/motion_capture_tracking:/opt/drone_project/ros2_ws/install/crazyflie:/opt/drone_project/ros2_ws/install/motion_capture_tracking_interfaces:/opt/drone_project/ros2_ws/install/crazyflie_sim:/opt/drone_project/ros2_ws/install/crazyflie_examples:/opt/drone_project/ros2_ws/install/crazyflie_interfaces:/opt/drone_project/ros2_ws/install/crazyflie_py:/opt/ros/humble LD_LIBRARY_PATH=/opt/drone_project/ros2_ws/src/install/crazyflie_interfaces/lib:${LD_LIBRARY_PATH} PYTHONPATH=/opt/drone_project/ros2_ws/src/build/crazyflie_py:/opt/drone_project/ros2_ws/src/install/crazyflie_py/lib/python3.10/site-packages:/opt/drone_project/ros2_ws/src/install/crazyflie_interfaces/local/lib/python3.10/dist-packages:${PYTHONPATH} /usr/bin/cmake --build /opt/drone_project/ros2_ws/src/build/crazyflie_examples -- -j12 -l12
[23.331s] Invoking command in '/opt/drone_project/ros2_ws/src/build/crazyflie_examples': AMENT_PREFIX_PATH=/opt/drone_project/ros2_ws/src/install/crazyflie_py:/opt/drone_project/ros2_ws/src/install/crazyflie_interfaces:${AMENT_PREFIX_PATH} CMAKE_PREFIX_PATH=/opt/drone_project/ros2_ws/src/install/crazyflie_interfaces:/opt/drone_project/ros2_ws/install/motion_capture_tracking:/opt/drone_project/ros2_ws/install/crazyflie:/opt/drone_project/ros2_ws/install/motion_capture_tracking_interfaces:/opt/drone_project/ros2_ws/install/crazyflie_sim:/opt/drone_project/ros2_ws/install/crazyflie_examples:/opt/drone_project/ros2_ws/install/crazyflie_interfaces:/opt/drone_project/ros2_ws/install/crazyflie_py:/opt/ros/humble LD_LIBRARY_PATH=/opt/drone_project/ros2_ws/src/install/crazyflie_interfaces/lib:${LD_LIBRARY_PATH} PYTHONPATH=/opt/drone_project/ros2_ws/src/build/crazyflie_py:/opt/drone_project/ros2_ws/src/install/crazyflie_py/lib/python3.10/site-packages:/opt/drone_project/ros2_ws/src/install/crazyflie_interfaces/local/lib/python3.10/dist-packages:${PYTHONPATH} /usr/bin/cmake --install /opt/drone_project/ros2_ws/src/build/crazyflie_examples
[23.360s] -- Install configuration: ""
[23.362s] -- Execute custom install script
[23.367s] -- Symlinking: /opt/drone_project/ros2_ws/src/install/crazyflie_examples/share/crazyflie_examples/environment/pythonpath.sh
[23.399s] -- Symlinking: /opt/drone_project/ros2_ws/src/install/crazyflie_examples/share/crazyflie_examples/environment/pythonpath.dsv
[23.434s] -- Symlinking: /opt/drone_project/ros2_ws/src/install/crazyflie_examples/local/lib/python3.10/dist-packages/crazyflie_examples-2.0.0-py3.10.egg-info/PKG-INFO
[23.467s] -- Symlinking: /opt/drone_project/ros2_ws/src/install/crazyflie_examples/local/lib/python3.10/dist-packages/crazyflie_examples-2.0.0-py3.10.egg-info/SOURCES.txt
[23.501s] -- Symlinking: /opt/drone_project/ros2_ws/src/install/crazyflie_examples/local/lib/python3.10/dist-packages/crazyflie_examples-2.0.0-py3.10.egg-info/dependency_links.txt
[23.548s] -- Symlinking: /opt/drone_project/ros2_ws/src/install/crazyflie_examples/local/lib/python3.10/dist-packages/crazyflie_examples-2.0.0-py3.10.egg-info/entry_points.txt
[23.589s] -- Symlinking: /opt/drone_project/ros2_ws/src/install/crazyflie_examples/local/lib/python3.10/dist-packages/crazyflie_examples-2.0.0-py3.10.egg-info/top_level.txt
[23.630s] -- Symlinking: /opt/drone_project/ros2_ws/src/install/crazyflie_examples/lib/crazyflie_examples//cmd_full_state
[23.660s] -- Symlinking: /opt/drone_project/ros2_ws/src/install/crazyflie_examples/lib/crazyflie_examples//figure8
[23.692s] -- Symlinking: /opt/drone_project/ros2_ws/src/install/crazyflie_examples/lib/crazyflie_examples//hello_world
[23.724s] -- Symlinking: /opt/drone_project/ros2_ws/src/install/crazyflie_examples/lib/crazyflie_examples//multi_trajectory
[23.753s] -- Symlinking: /opt/drone_project/ros2_ws/src/install/crazyflie_examples/lib/crazyflie_examples//nice_hover
[23.785s] -- Symlinking: /opt/drone_project/ros2_ws/src/install/crazyflie_examples/lib/crazyflie_examples//set_param
[23.821s] -- Symlinking: /opt/drone_project/ros2_ws/src/install/crazyflie_examples/local/lib/python3.10/dist-packages/crazyflie_examples/__init__.py
[23.849s] -- Symlinking: /opt/drone_project/ros2_ws/src/install/crazyflie_examples/local/lib/python3.10/dist-packages/crazyflie_examples/cmd_full_state.py
[23.886s] -- Symlinking: /opt/drone_project/ros2_ws/src/install/crazyflie_examples/local/lib/python3.10/dist-packages/crazyflie_examples/data/figure8.csv
[23.917s] -- Symlinking: /opt/drone_project/ros2_ws/src/install/crazyflie_examples/local/lib/python3.10/dist-packages/crazyflie_examples/data/multi_trajectory/traj0.csv
[23.949s] -- Symlinking: /opt/drone_project/ros2_ws/src/install/crazyflie_examples/local/lib/python3.10/dist-packages/crazyflie_examples/data/multi_trajectory/traj1.csv
[23.976s] -- Symlinking: /opt/drone_project/ros2_ws/src/install/crazyflie_examples/local/lib/python3.10/dist-packages/crazyflie_examples/figure8.py
[24.004s] -- Symlinking: /opt/drone_project/ros2_ws/src/install/crazyflie_examples/local/lib/python3.10/dist-packages/crazyflie_examples/hello_world.py
[24.031s] -- Symlinking: /opt/drone_project/ros2_ws/src/install/crazyflie_examples/local/lib/python3.10/dist-packages/crazyflie_examples/multi_trajectory.py
[24.057s] -- Symlinking: /opt/drone_project/ros2_ws/src/install/crazyflie_examples/local/lib/python3.10/dist-packages/crazyflie_examples/nice_hover.py
[24.091s] -- Symlinking: /opt/drone_project/ros2_ws/src/install/crazyflie_examples/local/lib/python3.10/dist-packages/crazyflie_examples/set_param.py
[24.127s] -- Symlinking: /opt/drone_project/ros2_ws/src/install/crazyflie_examples/share/crazyflie_examples//config/nav2_params.yaml
[24.154s] -- Symlinking: /opt/drone_project/ros2_ws/src/install/crazyflie_examples/share/crazyflie_examples//config/nav2_view.rviz
[24.195s] -- Symlinking: /opt/drone_project/ros2_ws/src/install/crazyflie_examples/share/crazyflie_examples//data/map.data
[24.225s] -- Symlinking: /opt/drone_project/ros2_ws/src/install/crazyflie_examples/share/crazyflie_examples//data/map.pgm
[24.256s] -- Symlinking: /opt/drone_project/ros2_ws/src/install/crazyflie_examples/share/crazyflie_examples//data/map.posegraph
[24.288s] -- Symlinking: /opt/drone_project/ros2_ws/src/install/crazyflie_examples/share/crazyflie_examples//data/map.yaml
[24.322s] -- Symlinking: /opt/drone_project/ros2_ws/src/install/crazyflie_examples/share/crazyflie_examples//launch/keyboard_velmux_launch.py
[24.358s] -- Symlinking: /opt/drone_project/ros2_ws/src/install/crazyflie_examples/share/crazyflie_examples//launch/multiranger_mapping_launch.py
[24.400s] -- Symlinking: /opt/drone_project/ros2_ws/src/install/crazyflie_examples/share/crazyflie_examples//launch/multiranger_nav2_launch.py
[24.436s] -- Symlinking: /opt/drone_project/ros2_ws/src/install/crazyflie_examples/share/ament_index/resource_index/package_run_dependencies/crazyflie_examples
[24.463s] -- Symlinking: /opt/drone_project/ros2_ws/src/install/crazyflie_examples/share/ament_index/resource_index/parent_prefix_path/crazyflie_examples
[24.492s] -- Symlinking: /opt/drone_project/ros2_ws/src/install/crazyflie_examples/share/crazyflie_examples/environment/ament_prefix_path.sh
[24.518s] -- Symlinking: /opt/drone_project/ros2_ws/src/install/crazyflie_examples/share/crazyflie_examples/environment/ament_prefix_path.dsv
[24.542s] -- Symlinking: /opt/drone_project/ros2_ws/src/install/crazyflie_examples/share/crazyflie_examples/environment/path.sh
[24.570s] -- Symlinking: /opt/drone_project/ros2_ws/src/install/crazyflie_examples/share/crazyflie_examples/environment/path.dsv
[24.598s] -- Symlinking: /opt/drone_project/ros2_ws/src/install/crazyflie_examples/share/crazyflie_examples/local_setup.bash
[24.626s] -- Symlinking: /opt/drone_project/ros2_ws/src/install/crazyflie_examples/share/crazyflie_examples/local_setup.sh
[24.654s] -- Symlinking: /opt/drone_project/ros2_ws/src/install/crazyflie_examples/share/crazyflie_examples/local_setup.zsh
[24.688s] -- Symlinking: /opt/drone_project/ros2_ws/src/install/crazyflie_examples/share/crazyflie_examples/local_setup.dsv
[24.723s] -- Symlinking: /opt/drone_project/ros2_ws/src/install/crazyflie_examples/share/crazyflie_examples/package.dsv
[24.756s] -- Symlinking: /opt/drone_project/ros2_ws/src/install/crazyflie_examples/share/ament_index/resource_index/packages/crazyflie_examples
[24.783s] -- Symlinking: /opt/drone_project/ros2_ws/src/install/crazyflie_examples/share/crazyflie_examples/cmake/crazyflie_examplesConfig.cmake
[24.815s] -- Symlinking: /opt/drone_project/ros2_ws/src/install/crazyflie_examples/share/crazyflie_examples/cmake/crazyflie_examplesConfig-version.cmake
[24.843s] -- Symlinking: /opt/drone_project/ros2_ws/src/install/crazyflie_examples/share/crazyflie_examples/package.xml
[25.027s] Listing '/opt/drone_project/ros2_ws/src/install/crazyflie_examples/local/lib/python3.10/dist-packages/crazyflie_examples'...
[25.028s] Compiling '/opt/drone_project/ros2_ws/src/install/crazyflie_examples/local/lib/python3.10/dist-packages/crazyflie_examples/__init__.py'...
[25.028s] Compiling '/opt/drone_project/ros2_ws/src/install/crazyflie_examples/local/lib/python3.10/dist-packages/crazyflie_examples/cmd_full_state.py'...
[25.029s] Listing '/opt/drone_project/ros2_ws/src/install/crazyflie_examples/local/lib/python3.10/dist-packages/crazyflie_examples/data'...
[25.029s] Listing '/opt/drone_project/ros2_ws/src/install/crazyflie_examples/local/lib/python3.10/dist-packages/crazyflie_examples/data/multi_trajectory'...
[25.030s] Compiling '/opt/drone_project/ros2_ws/src/install/crazyflie_examples/local/lib/python3.10/dist-packages/crazyflie_examples/figure8.py'...
[25.030s] Compiling '/opt/drone_project/ros2_ws/src/install/crazyflie_examples/local/lib/python3.10/dist-packages/crazyflie_examples/hello_world.py'...
[25.030s] Compiling '/opt/drone_project/ros2_ws/src/install/crazyflie_examples/local/lib/python3.10/dist-packages/crazyflie_examples/multi_trajectory.py'...
[25.031s] Compiling '/opt/drone_project/ros2_ws/src/install/crazyflie_examples/local/lib/python3.10/dist-packages/crazyflie_examples/nice_hover.py'...
[25.031s] Compiling '/opt/drone_project/ros2_ws/src/install/crazyflie_examples/local/lib/python3.10/dist-packages/crazyflie_examples/set_param.py'...
[25.059s] Invoked command in '/opt/drone_project/ros2_ws/src/build/crazyflie_examples' returned '0': AMENT_PREFIX_PATH=/opt/drone_project/ros2_ws/src/install/crazyflie_py:/opt/drone_project/ros2_ws/src/install/crazyflie_interfaces:${AMENT_PREFIX_PATH} CMAKE_PREFIX_PATH=/opt/drone_project/ros2_ws/src/install/crazyflie_interfaces:/opt/drone_project/ros2_ws/install/motion_capture_tracking:/opt/drone_project/ros2_ws/install/crazyflie:/opt/drone_project/ros2_ws/install/motion_capture_tracking_interfaces:/opt/drone_project/ros2_ws/install/crazyflie_sim:/opt/drone_project/ros2_ws/install/crazyflie_examples:/opt/drone_project/ros2_ws/install/crazyflie_interfaces:/opt/drone_project/ros2_ws/install/crazyflie_py:/opt/ros/humble LD_LIBRARY_PATH=/opt/drone_project/ros2_ws/src/install/crazyflie_interfaces/lib:${LD_LIBRARY_PATH} PYTHONPATH=/opt/drone_project/ros2_ws/src/build/crazyflie_py:/opt/drone_project/ros2_ws/src/install/crazyflie_py/lib/python3.10/site-packages:/opt/drone_project/ros2_ws/src/install/crazyflie_interfaces/local/lib/python3.10/dist-packages:${PYTHONPATH} /usr/bin/cmake --install /opt/drone_project/ros2_ws/src/build/crazyflie_examples
