running develop
/usr/lib/python3/dist-packages/setuptools/command/easy_install.py:158: EasyInstallDeprecationWarning: easy_install command is deprecated. Use build and pip and other standards-based tools.
  warnings.warn(
/usr/lib/python3/dist-packages/setuptools/command/install.py:34: SetuptoolsDeprecationWarning: setup.py install is deprecated. Use build and pip and other standards-based tools.
  warnings.warn(
/usr/lib/python3/dist-packages/pkg_resources/__init__.py:116: PkgResourcesDeprecationWarning: 1.1build1 is an invalid version and will not be supported in a future release
  warnings.warn(
running egg_info
creating crazyflie_py.egg-info
writing crazyflie_py.egg-info/PKG-INFO
writing dependency_links to crazyflie_py.egg-info/dependency_links.txt
writing entry points to crazyflie_py.egg-info/entry_points.txt
writing requirements to crazyflie_py.egg-info/requires.txt
writing top-level names to crazyflie_py.egg-info/top_level.txt
writing manifest file 'crazyflie_py.egg-info/SOURCES.txt'
reading manifest file 'crazyflie_py.egg-info/SOURCES.txt'
writing manifest file 'crazyflie_py.egg-info/SOURCES.txt'
running build_ext
Creating /opt/drone_project/ros2_ws/src/install/crazyflie_py/lib/python3.10/site-packages/crazyflie-py.egg-link (link to .)

Installed /opt/drone_project/ros2_ws/src/build/crazyflie_py
running install_data
creating /opt/drone_project/ros2_ws/src/install/crazyflie_py/share/ament_index
creating /opt/drone_project/ros2_ws/src/install/crazyflie_py/share/ament_index/resource_index
creating /opt/drone_project/ros2_ws/src/install/crazyflie_py/share/ament_index/resource_index/packages
copying resource/crazyflie_py -> /opt/drone_project/ros2_ws/src/install/crazyflie_py/share/ament_index/resource_index/packages
copying package.xml -> /opt/drone_project/ros2_ws/src/install/crazyflie_py/share/crazyflie_py
