[0.022s] Invoking command in '/opt/drone_project/ros2_ws/src/build/motion_capture_tracking_interfaces': CMAKE_PREFIX_PATH=${CMAKE_PREFIX_PATH}:/opt/drone_project/ros2_ws/install/crazyflie_py:/opt/ros/humble /usr/bin/cmake /opt/drone_project/ros2_ws/src/motion_capture_tracking/motion_capture_tracking_interfaces -DAMENT_CMAKE_SYMLINK_INSTALL=1 -DCMAKE_INSTALL_PREFIX=/opt/drone_project/ros2_ws/src/install/motion_capture_tracking_interfaces
[0.245s] -- The C compiler identification is GNU 11.3.0
[1.241s] -- The CXX compiler identification is GNU 11.3.0
[2.034s] -- Detecting C compiler ABI info
[2.315s] -- Detecting C compiler ABI info - done
[2.322s] -- Check for working C compiler: /usr/bin/cc - skipped
[2.322s] -- Detecting C compile features
[2.322s] -- Detecting C compile features - done
[2.326s] -- Detecting CXX compiler ABI info
[2.612s] -- Detecting CXX compiler ABI info - done
[2.618s] -- Check for working CXX compiler: /usr/bin/c++ - skipped
[2.618s] -- Detecting CXX compile features
[2.619s] -- Detecting CXX compile features - done
[2.621s] -- Found ament_cmake: 1.3.3 (/opt/ros/humble/share/ament_cmake/cmake)
[2.751s] -- Found Python3: /usr/bin/python3.10 (found version "3.10.6") found components: Interpreter 
[2.806s] -- Override CMake install command with custom implementation using symlinks instead of copying resources
[2.827s] -- Found builtin_interfaces: 1.2.1 (/opt/ros/humble/share/builtin_interfaces/cmake)
[3.030s] -- Found rosidl_generator_c: 3.1.4 (/opt/ros/humble/share/rosidl_generator_c/cmake)
[3.034s] -- Found rosidl_adapter: 3.1.4 (/opt/ros/humble/share/rosidl_adapter/cmake)
[3.041s] -- Found rosidl_generator_cpp: 3.1.4 (/opt/ros/humble/share/rosidl_generator_cpp/cmake)
[3.053s] -- Using all available rosidl_typesupport_c: rosidl_typesupport_fastrtps_c;rosidl_typesupport_introspection_c
[3.069s] -- Using all available rosidl_typesupport_cpp: rosidl_typesupport_fastrtps_cpp;rosidl_typesupport_introspection_cpp
[3.085s] -- Found geometry_msgs: 4.2.3 (/opt/ros/humble/share/geometry_msgs/cmake)
[3.179s] -- Found rosidl_default_generators: 1.2.0 (/opt/ros/humble/share/rosidl_default_generators/cmake)
[3.407s] -- Found ament_cmake_cppcheck: 0.12.5 (/opt/ros/humble/share/ament_cmake_cppcheck/cmake)
[3.409s] -- Found ament_cmake_cpplint: 0.12.5 (/opt/ros/humble/share/ament_cmake_cpplint/cmake)
[3.411s] -- Found ament_cmake_uncrustify: 0.12.5 (/opt/ros/humble/share/ament_cmake_uncrustify/cmake)
[3.413s] -- Found ament_cmake_ros: 0.10.0 (/opt/ros/humble/share/ament_cmake_ros/cmake)
[3.750s] -- Using all available rosidl_typesupport_c: rosidl_typesupport_fastrtps_c;rosidl_typesupport_introspection_c
[3.886s] -- Using all available rosidl_typesupport_cpp: rosidl_typesupport_fastrtps_cpp;rosidl_typesupport_introspection_cpp
[4.207s] -- Found PythonInterp: /usr/bin/python3 (found suitable version "3.10.6", minimum required is "3.6") 
[4.208s] -- Found python_cmake_module: 0.10.0 (/opt/ros/humble/share/python_cmake_module/cmake)
[5.290s] -- Found PythonLibs: /usr/lib/x86_64-linux-gnu/libpython3.10.so (found suitable version "3.10.6", minimum required is "3.5") 
[5.291s] -- Using PYTHON_EXECUTABLE: /usr/bin/python3
[5.291s] -- Using PYTHON_INCLUDE_DIRS: /usr/include/python3.10
[5.291s] -- Using PYTHON_LIBRARIES: /usr/lib/x86_64-linux-gnu/libpython3.10.so
[5.310s] -- Found PythonExtra: .so  
[5.475s] -- Found ament_cmake_flake8: 0.12.5 (/opt/ros/humble/share/ament_cmake_flake8/cmake)
[5.477s] -- Found ament_cmake_pep257: 0.12.5 (/opt/ros/humble/share/ament_cmake_pep257/cmake)
[5.487s] -- Configuring done
[5.522s] -- Generating done
[5.525s] -- Build files have been written to: /opt/drone_project/ros2_ws/src/build/motion_capture_tracking_interfaces
[5.534s] Invoked command in '/opt/drone_project/ros2_ws/src/build/motion_capture_tracking_interfaces' returned '0': CMAKE_PREFIX_PATH=${CMAKE_PREFIX_PATH}:/opt/drone_project/ros2_ws/install/crazyflie_py:/opt/ros/humble /usr/bin/cmake /opt/drone_project/ros2_ws/src/motion_capture_tracking/motion_capture_tracking_interfaces -DAMENT_CMAKE_SYMLINK_INSTALL=1 -DCMAKE_INSTALL_PREFIX=/opt/drone_project/ros2_ws/src/install/motion_capture_tracking_interfaces
[5.536s] Invoking command in '/opt/drone_project/ros2_ws/src/build/motion_capture_tracking_interfaces': CMAKE_PREFIX_PATH=${CMAKE_PREFIX_PATH}:/opt/drone_project/ros2_ws/install/crazyflie_py:/opt/ros/humble /usr/bin/cmake --build /opt/drone_project/ros2_ws/src/build/motion_capture_tracking_interfaces -- -j12 -l12
[5.566s] [  2%] [34m[1mGenerating C code for ROS interfaces[0m
[5.573s] [  5%] [34m[1mGenerating C++ code for ROS interfaces[0m
[5.579s] [  5%] Built target ament_cmake_python_symlink_motion_capture_tracking_interfaces
[5.783s] running egg_info
[5.783s] creating motion_capture_tracking_interfaces.egg-info
[5.783s] writing motion_capture_tracking_interfaces.egg-info/PKG-INFO
[5.784s] writing dependency_links to motion_capture_tracking_interfaces.egg-info/dependency_links.txt
[5.784s] writing top-level names to motion_capture_tracking_interfaces.egg-info/top_level.txt
[5.784s] writing manifest file 'motion_capture_tracking_interfaces.egg-info/SOURCES.txt'
[5.786s] reading manifest file 'motion_capture_tracking_interfaces.egg-info/SOURCES.txt'
[5.786s] writing manifest file 'motion_capture_tracking_interfaces.egg-info/SOURCES.txt'
[5.808s] [  5%] Built target ament_cmake_python_build_motion_capture_tracking_interfaces_egg
[5.843s] [  7%] [32mBuilding C object CMakeFiles/motion_capture_tracking_interfaces__rosidl_generator_c.dir/rosidl_generator_c/motion_capture_tracking_interfaces/msg/detail/named_pose_array__functions.c.o[0m
[5.844s] [ 10%] [32mBuilding C object CMakeFiles/motion_capture_tracking_interfaces__rosidl_generator_c.dir/rosidl_generator_c/motion_capture_tracking_interfaces/msg/detail/named_pose__functions.c.o[0m
[5.852s] [ 10%] Built target motion_capture_tracking_interfaces__cpp
[5.862s] [ 12%] [34m[1mGenerating C++ type support for eProsima Fast-RTPS[0m
[5.863s] [ 17%] [34m[1mGenerating C++ introspection for ROS interfaces[0m
[5.863s] [ 17%] [34m[1mGenerating C++ type support dispatch for ROS interfaces[0m
[5.894s] [ 20%] [32m[1mLinking C shared library libmotion_capture_tracking_interfaces__rosidl_generator_c.so[0m
[6.139s] [ 23%] [32mBuilding CXX object CMakeFiles/motion_capture_tracking_interfaces__rosidl_typesupport_cpp.dir/rosidl_typesupport_cpp/motion_capture_tracking_interfaces/msg/named_pose__type_support.cpp.o[0m
[6.139s] [ 25%] [32mBuilding CXX object CMakeFiles/motion_capture_tracking_interfaces__rosidl_typesupport_cpp.dir/rosidl_typesupport_cpp/motion_capture_tracking_interfaces/msg/named_pose_array__type_support.cpp.o[0m
[6.178s] [ 28%] [32mBuilding CXX object CMakeFiles/motion_capture_tracking_interfaces__rosidl_typesupport_introspection_cpp.dir/rosidl_typesupport_introspection_cpp/motion_capture_tracking_interfaces/msg/detail/named_pose_array__type_support.cpp.o[0m
[6.179s] [ 30%] [32mBuilding CXX object CMakeFiles/motion_capture_tracking_interfaces__rosidl_typesupport_introspection_cpp.dir/rosidl_typesupport_introspection_cpp/motion_capture_tracking_interfaces/msg/detail/named_pose__type_support.cpp.o[0m
[6.181s] [ 30%] Built target motion_capture_tracking_interfaces__rosidl_generator_c
[6.191s] [ 33%] [34m[1mGenerating C type support dispatch for ROS interfaces[0m
[6.191s] [ 35%] [34m[1mGenerating C introspection for ROS interfaces[0m
[6.191s] [ 38%] [34m[1mGenerating C type support for eProsima Fast-RTPS[0m
[6.199s] [ 43%] [32mBuilding CXX object CMakeFiles/motion_capture_tracking_interfaces__rosidl_typesupport_fastrtps_cpp.dir/rosidl_typesupport_fastrtps_cpp/motion_capture_tracking_interfaces/msg/detail/dds_fastrtps/named_pose__type_support.cpp.o[0m
[6.199s] [ 43%] [32mBuilding CXX object CMakeFiles/motion_capture_tracking_interfaces__rosidl_typesupport_fastrtps_cpp.dir/rosidl_typesupport_fastrtps_cpp/motion_capture_tracking_interfaces/msg/detail/dds_fastrtps/named_pose_array__type_support.cpp.o[0m
[6.526s] [ 46%] [32m[1mLinking CXX shared library libmotion_capture_tracking_interfaces__rosidl_typesupport_cpp.so[0m
[6.544s] [ 51%] [32mBuilding CXX object CMakeFiles/motion_capture_tracking_interfaces__rosidl_typesupport_c.dir/rosidl_typesupport_c/motion_capture_tracking_interfaces/msg/named_pose__type_support.cpp.o[0m
[6.544s] [ 51%] [32mBuilding CXX object CMakeFiles/motion_capture_tracking_interfaces__rosidl_typesupport_c.dir/rosidl_typesupport_c/motion_capture_tracking_interfaces/msg/named_pose_array__type_support.cpp.o[0m
[6.582s] [ 53%] [32m[1mLinking CXX shared library libmotion_capture_tracking_interfaces__rosidl_typesupport_c.so[0m
[6.613s] [ 58%] [32mBuilding C object CMakeFiles/motion_capture_tracking_interfaces__rosidl_typesupport_introspection_c.dir/rosidl_typesupport_introspection_c/motion_capture_tracking_interfaces/msg/detail/named_pose__type_support.c.o[0m
[6.614s] [ 58%] [32mBuilding C object CMakeFiles/motion_capture_tracking_interfaces__rosidl_typesupport_introspection_c.dir/rosidl_typesupport_introspection_c/motion_capture_tracking_interfaces/msg/detail/named_pose_array__type_support.c.o[0m
[6.666s] [ 61%] [32m[1mLinking C shared library libmotion_capture_tracking_interfaces__rosidl_typesupport_introspection_c.so[0m
[6.673s] [ 64%] [32mBuilding CXX object CMakeFiles/motion_capture_tracking_interfaces__rosidl_typesupport_fastrtps_c.dir/rosidl_typesupport_fastrtps_c/motion_capture_tracking_interfaces/msg/detail/named_pose_array__type_support_c.cpp.o[0m
[6.676s] [ 66%] [32mBuilding CXX object CMakeFiles/motion_capture_tracking_interfaces__rosidl_typesupport_fastrtps_c.dir/rosidl_typesupport_fastrtps_c/motion_capture_tracking_interfaces/msg/detail/named_pose__type_support_c.cpp.o[0m
[6.847s] [ 69%] [32m[1mLinking CXX shared library libmotion_capture_tracking_interfaces__rosidl_typesupport_introspection_cpp.so[0m
[6.864s] [ 71%] [32m[1mLinking CXX shared library libmotion_capture_tracking_interfaces__rosidl_typesupport_fastrtps_cpp.so[0m
[6.908s] [ 71%] Built target motion_capture_tracking_interfaces__rosidl_typesupport_cpp
[6.957s] [ 71%] Built target motion_capture_tracking_interfaces__rosidl_typesupport_c
[7.016s] [ 71%] Built target motion_capture_tracking_interfaces__rosidl_typesupport_introspection_c
[7.197s] [ 71%] Built target motion_capture_tracking_interfaces__rosidl_typesupport_fastrtps_cpp
[7.206s] [ 71%] Built target motion_capture_tracking_interfaces__rosidl_typesupport_introspection_cpp
[7.211s] [ 74%] [32m[1mLinking CXX shared library libmotion_capture_tracking_interfaces__rosidl_typesupport_fastrtps_c.so[0m
[7.529s] [ 74%] Built target motion_capture_tracking_interfaces__rosidl_typesupport_fastrtps_c
[7.545s] [ 74%] Built target motion_capture_tracking_interfaces
[7.561s] [ 76%] [34m[1mGenerating Python code for ROS interfaces[0m
[8.072s] [ 76%] Built target motion_capture_tracking_interfaces__py
[8.092s] [ 79%] [32mBuilding C object CMakeFiles/motion_capture_tracking_interfaces__rosidl_generator_py.dir/rosidl_generator_py/motion_capture_tracking_interfaces/msg/_named_pose_array_s.c.o[0m
[8.093s] [ 82%] [32mBuilding C object CMakeFiles/motion_capture_tracking_interfaces__rosidl_generator_py.dir/rosidl_generator_py/motion_capture_tracking_interfaces/msg/_named_pose_s.c.o[0m
[8.204s] [ 84%] [32m[1mLinking C shared library rosidl_generator_py/motion_capture_tracking_interfaces/libmotion_capture_tracking_interfaces__rosidl_generator_py.so[0m
[8.518s] [ 84%] Built target motion_capture_tracking_interfaces__rosidl_generator_py
[8.616s] [ 87%] [32mBuilding C object CMakeFiles/motion_capture_tracking_interfaces__rosidl_typesupport_fastrtps_c__pyext.dir/rosidl_generator_py/motion_capture_tracking_interfaces/_motion_capture_tracking_interfaces_s.ep.rosidl_typesupport_fastrtps_c.c.o[0m
[8.624s] [ 89%] [32mBuilding C object CMakeFiles/motion_capture_tracking_interfaces__rosidl_typesupport_introspection_c__pyext.dir/rosidl_generator_py/motion_capture_tracking_interfaces/_motion_capture_tracking_interfaces_s.ep.rosidl_typesupport_introspection_c.c.o[0m
[8.684s] [ 92%] [32mBuilding C object CMakeFiles/motion_capture_tracking_interfaces__rosidl_typesupport_c__pyext.dir/rosidl_generator_py/motion_capture_tracking_interfaces/_motion_capture_tracking_interfaces_s.ep.rosidl_typesupport_c.c.o[0m
[8.897s] [ 94%] [32m[1mLinking C shared library rosidl_generator_py/motion_capture_tracking_interfaces/motion_capture_tracking_interfaces_s__rosidl_typesupport_introspection_c.cpython-310-x86_64-linux-gnu.so[0m
[8.899s] [ 97%] [32m[1mLinking C shared library rosidl_generator_py/motion_capture_tracking_interfaces/motion_capture_tracking_interfaces_s__rosidl_typesupport_fastrtps_c.cpython-310-x86_64-linux-gnu.so[0m
[8.955s] [100%] [32m[1mLinking C shared library rosidl_generator_py/motion_capture_tracking_interfaces/motion_capture_tracking_interfaces_s__rosidl_typesupport_c.cpython-310-x86_64-linux-gnu.so[0m
[9.333s] [100%] Built target motion_capture_tracking_interfaces__rosidl_typesupport_introspection_c__pyext
[9.341s] [100%] Built target motion_capture_tracking_interfaces__rosidl_typesupport_fastrtps_c__pyext
[9.398s] [100%] Built target motion_capture_tracking_interfaces__rosidl_typesupport_c__pyext
[9.412s] Invoked command in '/opt/drone_project/ros2_ws/src/build/motion_capture_tracking_interfaces' returned '0': CMAKE_PREFIX_PATH=${CMAKE_PREFIX_PATH}:/opt/drone_project/ros2_ws/install/crazyflie_py:/opt/ros/humble /usr/bin/cmake --build /opt/drone_project/ros2_ws/src/build/motion_capture_tracking_interfaces -- -j12 -l12
[9.523s] Invoking command in '/opt/drone_project/ros2_ws/src/build/motion_capture_tracking_interfaces': CMAKE_PREFIX_PATH=${CMAKE_PREFIX_PATH}:/opt/drone_project/ros2_ws/install/crazyflie_py:/opt/ros/humble /usr/bin/cmake --install /opt/drone_project/ros2_ws/src/build/motion_capture_tracking_interfaces
[9.531s] -- Install configuration: ""
[9.531s] -- Execute custom install script
[9.532s] -- Symlinking: /opt/drone_project/ros2_ws/src/install/motion_capture_tracking_interfaces/share/ament_index/resource_index/rosidl_interfaces/motion_capture_tracking_interfaces
[9.544s] -- Symlinking: /opt/drone_project/ros2_ws/src/install/motion_capture_tracking_interfaces/include/motion_capture_tracking_interfaces/motion_capture_tracking_interfaces/msg/detail/named_pose__functions.h
[9.554s] -- Symlinking: /opt/drone_project/ros2_ws/src/install/motion_capture_tracking_interfaces/include/motion_capture_tracking_interfaces/motion_capture_tracking_interfaces/msg/detail/named_pose__struct.h
[9.563s] -- Symlinking: /opt/drone_project/ros2_ws/src/install/motion_capture_tracking_interfaces/include/motion_capture_tracking_interfaces/motion_capture_tracking_interfaces/msg/detail/named_pose__type_support.h
[9.573s] -- Symlinking: /opt/drone_project/ros2_ws/src/install/motion_capture_tracking_interfaces/include/motion_capture_tracking_interfaces/motion_capture_tracking_interfaces/msg/detail/named_pose_array__functions.h
[9.581s] -- Symlinking: /opt/drone_project/ros2_ws/src/install/motion_capture_tracking_interfaces/include/motion_capture_tracking_interfaces/motion_capture_tracking_interfaces/msg/detail/named_pose_array__struct.h
[9.596s] -- Symlinking: /opt/drone_project/ros2_ws/src/install/motion_capture_tracking_interfaces/include/motion_capture_tracking_interfaces/motion_capture_tracking_interfaces/msg/detail/named_pose_array__type_support.h
[9.607s] -- Symlinking: /opt/drone_project/ros2_ws/src/install/motion_capture_tracking_interfaces/include/motion_capture_tracking_interfaces/motion_capture_tracking_interfaces/msg/named_pose.h
[9.619s] -- Symlinking: /opt/drone_project/ros2_ws/src/install/motion_capture_tracking_interfaces/include/motion_capture_tracking_interfaces/motion_capture_tracking_interfaces/msg/named_pose_array.h
[9.629s] -- Symlinking: /opt/drone_project/ros2_ws/src/install/motion_capture_tracking_interfaces/include/motion_capture_tracking_interfaces/motion_capture_tracking_interfaces/msg/rosidl_generator_c__visibility_control.h
[9.641s] -- Symlinking: /opt/drone_project/ros2_ws/src/install/motion_capture_tracking_interfaces/share/motion_capture_tracking_interfaces/environment/library_path.sh
[9.652s] -- Symlinking: /opt/drone_project/ros2_ws/src/install/motion_capture_tracking_interfaces/share/motion_capture_tracking_interfaces/environment/library_path.dsv
[9.664s] -- Symlinking: /opt/drone_project/ros2_ws/src/install/motion_capture_tracking_interfaces/include/motion_capture_tracking_interfaces/motion_capture_tracking_interfaces/msg/detail/named_pose__rosidl_typesupport_fastrtps_c.h
[9.675s] -- Symlinking: /opt/drone_project/ros2_ws/src/install/motion_capture_tracking_interfaces/include/motion_capture_tracking_interfaces/motion_capture_tracking_interfaces/msg/detail/named_pose_array__rosidl_typesupport_fastrtps_c.h
[9.686s] -- Symlinking: /opt/drone_project/ros2_ws/src/install/motion_capture_tracking_interfaces/include/motion_capture_tracking_interfaces/motion_capture_tracking_interfaces/msg/rosidl_typesupport_fastrtps_c__visibility_control.h
[9.697s] -- Symlinking: /opt/drone_project/ros2_ws/src/install/motion_capture_tracking_interfaces/include/motion_capture_tracking_interfaces/motion_capture_tracking_interfaces/msg/detail/named_pose__builder.hpp
[9.707s] -- Symlinking: /opt/drone_project/ros2_ws/src/install/motion_capture_tracking_interfaces/include/motion_capture_tracking_interfaces/motion_capture_tracking_interfaces/msg/detail/named_pose__struct.hpp
[9.718s] -- Symlinking: /opt/drone_project/ros2_ws/src/install/motion_capture_tracking_interfaces/include/motion_capture_tracking_interfaces/motion_capture_tracking_interfaces/msg/detail/named_pose__traits.hpp
[9.729s] -- Symlinking: /opt/drone_project/ros2_ws/src/install/motion_capture_tracking_interfaces/include/motion_capture_tracking_interfaces/motion_capture_tracking_interfaces/msg/detail/named_pose_array__builder.hpp
[9.739s] -- Symlinking: /opt/drone_project/ros2_ws/src/install/motion_capture_tracking_interfaces/include/motion_capture_tracking_interfaces/motion_capture_tracking_interfaces/msg/detail/named_pose_array__struct.hpp
[9.749s] -- Symlinking: /opt/drone_project/ros2_ws/src/install/motion_capture_tracking_interfaces/include/motion_capture_tracking_interfaces/motion_capture_tracking_interfaces/msg/detail/named_pose_array__traits.hpp
[9.760s] -- Symlinking: /opt/drone_project/ros2_ws/src/install/motion_capture_tracking_interfaces/include/motion_capture_tracking_interfaces/motion_capture_tracking_interfaces/msg/named_pose.hpp
[9.772s] -- Symlinking: /opt/drone_project/ros2_ws/src/install/motion_capture_tracking_interfaces/include/motion_capture_tracking_interfaces/motion_capture_tracking_interfaces/msg/named_pose_array.hpp
[9.782s] -- Symlinking: /opt/drone_project/ros2_ws/src/install/motion_capture_tracking_interfaces/include/motion_capture_tracking_interfaces/motion_capture_tracking_interfaces/msg/detail/named_pose__rosidl_typesupport_fastrtps_cpp.hpp
[9.792s] -- Symlinking: /opt/drone_project/ros2_ws/src/install/motion_capture_tracking_interfaces/include/motion_capture_tracking_interfaces/motion_capture_tracking_interfaces/msg/detail/named_pose_array__rosidl_typesupport_fastrtps_cpp.hpp
[9.802s] -- Symlinking: /opt/drone_project/ros2_ws/src/install/motion_capture_tracking_interfaces/include/motion_capture_tracking_interfaces/motion_capture_tracking_interfaces/msg/rosidl_typesupport_fastrtps_cpp__visibility_control.h
[9.813s] -- Symlinking: /opt/drone_project/ros2_ws/src/install/motion_capture_tracking_interfaces/include/motion_capture_tracking_interfaces/motion_capture_tracking_interfaces/msg/detail/named_pose__rosidl_typesupport_introspection_c.h
[9.829s] -- Symlinking: /opt/drone_project/ros2_ws/src/install/motion_capture_tracking_interfaces/include/motion_capture_tracking_interfaces/motion_capture_tracking_interfaces/msg/detail/named_pose_array__rosidl_typesupport_introspection_c.h
[9.862s] -- Symlinking: /opt/drone_project/ros2_ws/src/install/motion_capture_tracking_interfaces/include/motion_capture_tracking_interfaces/motion_capture_tracking_interfaces/msg/rosidl_typesupport_introspection_c__visibility_control.h
[9.876s] -- Symlinking: /opt/drone_project/ros2_ws/src/install/motion_capture_tracking_interfaces/include/motion_capture_tracking_interfaces/motion_capture_tracking_interfaces/msg/detail/named_pose__rosidl_typesupport_introspection_cpp.hpp
[9.886s] -- Symlinking: /opt/drone_project/ros2_ws/src/install/motion_capture_tracking_interfaces/include/motion_capture_tracking_interfaces/motion_capture_tracking_interfaces/msg/detail/named_pose_array__rosidl_typesupport_introspection_cpp.hpp
[9.910s] -- Symlinking: /opt/drone_project/ros2_ws/src/install/motion_capture_tracking_interfaces/share/motion_capture_tracking_interfaces/environment/pythonpath.sh
[9.921s] -- Symlinking: /opt/drone_project/ros2_ws/src/install/motion_capture_tracking_interfaces/share/motion_capture_tracking_interfaces/environment/pythonpath.dsv
[9.934s] -- Symlinking: /opt/drone_project/ros2_ws/src/install/motion_capture_tracking_interfaces/local/lib/python3.10/dist-packages/motion_capture_tracking_interfaces-1.0.0-py3.10.egg-info/PKG-INFO
[9.946s] -- Symlinking: /opt/drone_project/ros2_ws/src/install/motion_capture_tracking_interfaces/local/lib/python3.10/dist-packages/motion_capture_tracking_interfaces-1.0.0-py3.10.egg-info/SOURCES.txt
[9.958s] -- Symlinking: /opt/drone_project/ros2_ws/src/install/motion_capture_tracking_interfaces/local/lib/python3.10/dist-packages/motion_capture_tracking_interfaces-1.0.0-py3.10.egg-info/dependency_links.txt
[9.970s] -- Symlinking: /opt/drone_project/ros2_ws/src/install/motion_capture_tracking_interfaces/local/lib/python3.10/dist-packages/motion_capture_tracking_interfaces-1.0.0-py3.10.egg-info/top_level.txt
[9.984s] -- Symlinking: /opt/drone_project/ros2_ws/src/install/motion_capture_tracking_interfaces/local/lib/python3.10/dist-packages/motion_capture_tracking_interfaces/__init__.py
[10.001s] -- Symlinking: /opt/drone_project/ros2_ws/src/install/motion_capture_tracking_interfaces/local/lib/python3.10/dist-packages/motion_capture_tracking_interfaces/_motion_capture_tracking_interfaces_s.ep.rosidl_typesupport_c.c
[10.016s] -- Symlinking: /opt/drone_project/ros2_ws/src/install/motion_capture_tracking_interfaces/local/lib/python3.10/dist-packages/motion_capture_tracking_interfaces/_motion_capture_tracking_interfaces_s.ep.rosidl_typesupport_fastrtps_c.c
[10.032s] -- Symlinking: /opt/drone_project/ros2_ws/src/install/motion_capture_tracking_interfaces/local/lib/python3.10/dist-packages/motion_capture_tracking_interfaces/_motion_capture_tracking_interfaces_s.ep.rosidl_typesupport_introspection_c.c
[10.049s] -- Symlinking: /opt/drone_project/ros2_ws/src/install/motion_capture_tracking_interfaces/local/lib/python3.10/dist-packages/motion_capture_tracking_interfaces/libmotion_capture_tracking_interfaces__rosidl_generator_py.so
[10.066s] -- Symlinking: /opt/drone_project/ros2_ws/src/install/motion_capture_tracking_interfaces/local/lib/python3.10/dist-packages/motion_capture_tracking_interfaces/motion_capture_tracking_interfaces_s__rosidl_typesupport_c.cpython-310-x86_64-linux-gnu.so
[10.083s] -- Symlinking: /opt/drone_project/ros2_ws/src/install/motion_capture_tracking_interfaces/local/lib/python3.10/dist-packages/motion_capture_tracking_interfaces/motion_capture_tracking_interfaces_s__rosidl_typesupport_fastrtps_c.cpython-310-x86_64-linux-gnu.so
[10.094s] -- Symlinking: /opt/drone_project/ros2_ws/src/install/motion_capture_tracking_interfaces/local/lib/python3.10/dist-packages/motion_capture_tracking_interfaces/motion_capture_tracking_interfaces_s__rosidl_typesupport_introspection_c.cpython-310-x86_64-linux-gnu.so
[10.105s] -- Symlinking: /opt/drone_project/ros2_ws/src/install/motion_capture_tracking_interfaces/local/lib/python3.10/dist-packages/motion_capture_tracking_interfaces/msg/__init__.py
[10.116s] -- Symlinking: /opt/drone_project/ros2_ws/src/install/motion_capture_tracking_interfaces/local/lib/python3.10/dist-packages/motion_capture_tracking_interfaces/msg/_named_pose.py
[10.127s] -- Symlinking: /opt/drone_project/ros2_ws/src/install/motion_capture_tracking_interfaces/local/lib/python3.10/dist-packages/motion_capture_tracking_interfaces/msg/_named_pose_array.py
[10.139s] -- Symlinking: /opt/drone_project/ros2_ws/src/install/motion_capture_tracking_interfaces/local/lib/python3.10/dist-packages/motion_capture_tracking_interfaces/msg/_named_pose_array_s.c
[10.150s] -- Symlinking: /opt/drone_project/ros2_ws/src/install/motion_capture_tracking_interfaces/local/lib/python3.10/dist-packages/motion_capture_tracking_interfaces/msg/_named_pose_s.c
[10.168s] -- Up-to-date symlink: /opt/drone_project/ros2_ws/src/install/motion_capture_tracking_interfaces/local/lib/python3.10/dist-packages/motion_capture_tracking_interfaces/motion_capture_tracking_interfaces_s__rosidl_typesupport_fastrtps_c.cpython-310-x86_64-linux-gnu.so
[10.168s] -- Up-to-date symlink: /opt/drone_project/ros2_ws/src/install/motion_capture_tracking_interfaces/local/lib/python3.10/dist-packages/motion_capture_tracking_interfaces/motion_capture_tracking_interfaces_s__rosidl_typesupport_introspection_c.cpython-310-x86_64-linux-gnu.so
[10.168s] -- Up-to-date symlink: /opt/drone_project/ros2_ws/src/install/motion_capture_tracking_interfaces/local/lib/python3.10/dist-packages/motion_capture_tracking_interfaces/motion_capture_tracking_interfaces_s__rosidl_typesupport_c.cpython-310-x86_64-linux-gnu.so
[10.168s] -- Symlinking: /opt/drone_project/ros2_ws/src/install/motion_capture_tracking_interfaces/share/motion_capture_tracking_interfaces/msg/NamedPose.idl
[10.184s] -- Symlinking: /opt/drone_project/ros2_ws/src/install/motion_capture_tracking_interfaces/share/motion_capture_tracking_interfaces/msg/NamedPoseArray.idl
[10.197s] -- Symlinking: /opt/drone_project/ros2_ws/src/install/motion_capture_tracking_interfaces/share/motion_capture_tracking_interfaces/msg/NamedPose.msg
[10.209s] -- Symlinking: /opt/drone_project/ros2_ws/src/install/motion_capture_tracking_interfaces/share/motion_capture_tracking_interfaces/msg/NamedPoseArray.msg
[10.225s] -- Symlinking: /opt/drone_project/ros2_ws/src/install/motion_capture_tracking_interfaces/share/ament_index/resource_index/package_run_dependencies/motion_capture_tracking_interfaces
[10.237s] -- Symlinking: /opt/drone_project/ros2_ws/src/install/motion_capture_tracking_interfaces/share/ament_index/resource_index/parent_prefix_path/motion_capture_tracking_interfaces
[10.248s] -- Symlinking: /opt/drone_project/ros2_ws/src/install/motion_capture_tracking_interfaces/share/motion_capture_tracking_interfaces/environment/ament_prefix_path.sh
[10.260s] -- Symlinking: /opt/drone_project/ros2_ws/src/install/motion_capture_tracking_interfaces/share/motion_capture_tracking_interfaces/environment/ament_prefix_path.dsv
[10.273s] -- Symlinking: /opt/drone_project/ros2_ws/src/install/motion_capture_tracking_interfaces/share/motion_capture_tracking_interfaces/environment/path.sh
[10.285s] -- Symlinking: /opt/drone_project/ros2_ws/src/install/motion_capture_tracking_interfaces/share/motion_capture_tracking_interfaces/environment/path.dsv
[10.296s] -- Symlinking: /opt/drone_project/ros2_ws/src/install/motion_capture_tracking_interfaces/share/motion_capture_tracking_interfaces/local_setup.bash
[10.306s] -- Symlinking: /opt/drone_project/ros2_ws/src/install/motion_capture_tracking_interfaces/share/motion_capture_tracking_interfaces/local_setup.sh
[10.317s] -- Symlinking: /opt/drone_project/ros2_ws/src/install/motion_capture_tracking_interfaces/share/motion_capture_tracking_interfaces/local_setup.zsh
[10.327s] -- Symlinking: /opt/drone_project/ros2_ws/src/install/motion_capture_tracking_interfaces/share/motion_capture_tracking_interfaces/local_setup.dsv
[10.338s] -- Symlinking: /opt/drone_project/ros2_ws/src/install/motion_capture_tracking_interfaces/share/motion_capture_tracking_interfaces/package.dsv
[10.350s] -- Symlinking: /opt/drone_project/ros2_ws/src/install/motion_capture_tracking_interfaces/share/ament_index/resource_index/packages/motion_capture_tracking_interfaces
[10.362s] -- Symlinking: /opt/drone_project/ros2_ws/src/install/motion_capture_tracking_interfaces/share/motion_capture_tracking_interfaces/cmake/rosidl_cmake-extras.cmake
[10.375s] -- Symlinking: /opt/drone_project/ros2_ws/src/install/motion_capture_tracking_interfaces/share/motion_capture_tracking_interfaces/cmake/ament_cmake_export_dependencies-extras.cmake
[10.385s] -- Symlinking: /opt/drone_project/ros2_ws/src/install/motion_capture_tracking_interfaces/share/motion_capture_tracking_interfaces/cmake/ament_cmake_export_include_directories-extras.cmake
[10.396s] -- Symlinking: /opt/drone_project/ros2_ws/src/install/motion_capture_tracking_interfaces/share/motion_capture_tracking_interfaces/cmake/ament_cmake_export_libraries-extras.cmake
[10.407s] -- Symlinking: /opt/drone_project/ros2_ws/src/install/motion_capture_tracking_interfaces/share/motion_capture_tracking_interfaces/cmake/ament_cmake_export_targets-extras.cmake
[10.418s] -- Symlinking: /opt/drone_project/ros2_ws/src/install/motion_capture_tracking_interfaces/share/motion_capture_tracking_interfaces/cmake/rosidl_cmake_export_typesupport_targets-extras.cmake
[10.429s] -- Symlinking: /opt/drone_project/ros2_ws/src/install/motion_capture_tracking_interfaces/share/motion_capture_tracking_interfaces/cmake/rosidl_cmake_export_typesupport_libraries-extras.cmake
[10.441s] -- Symlinking: /opt/drone_project/ros2_ws/src/install/motion_capture_tracking_interfaces/share/motion_capture_tracking_interfaces/cmake/motion_capture_tracking_interfacesConfig.cmake
[10.452s] -- Symlinking: /opt/drone_project/ros2_ws/src/install/motion_capture_tracking_interfaces/share/motion_capture_tracking_interfaces/cmake/motion_capture_tracking_interfacesConfig-version.cmake
[10.466s] -- Symlinking: /opt/drone_project/ros2_ws/src/install/motion_capture_tracking_interfaces/share/motion_capture_tracking_interfaces/package.xml
[10.477s] -- Installing: /opt/drone_project/ros2_ws/src/install/motion_capture_tracking_interfaces/lib/libmotion_capture_tracking_interfaces__rosidl_generator_c.so
[10.478s] -- Set runtime path of "/opt/drone_project/ros2_ws/src/install/motion_capture_tracking_interfaces/lib/libmotion_capture_tracking_interfaces__rosidl_generator_c.so" to ""
[10.478s] -- Installing: /opt/drone_project/ros2_ws/src/install/motion_capture_tracking_interfaces/lib/libmotion_capture_tracking_interfaces__rosidl_typesupport_fastrtps_c.so
[10.478s] -- Set runtime path of "/opt/drone_project/ros2_ws/src/install/motion_capture_tracking_interfaces/lib/libmotion_capture_tracking_interfaces__rosidl_typesupport_fastrtps_c.so" to ""
[10.478s] -- Installing: /opt/drone_project/ros2_ws/src/install/motion_capture_tracking_interfaces/lib/libmotion_capture_tracking_interfaces__rosidl_typesupport_fastrtps_cpp.so
[10.479s] -- Set runtime path of "/opt/drone_project/ros2_ws/src/install/motion_capture_tracking_interfaces/lib/libmotion_capture_tracking_interfaces__rosidl_typesupport_fastrtps_cpp.so" to ""
[10.479s] -- Installing: /opt/drone_project/ros2_ws/src/install/motion_capture_tracking_interfaces/lib/libmotion_capture_tracking_interfaces__rosidl_typesupport_introspection_c.so
[10.479s] -- Set runtime path of "/opt/drone_project/ros2_ws/src/install/motion_capture_tracking_interfaces/lib/libmotion_capture_tracking_interfaces__rosidl_typesupport_introspection_c.so" to ""
[10.479s] -- Installing: /opt/drone_project/ros2_ws/src/install/motion_capture_tracking_interfaces/lib/libmotion_capture_tracking_interfaces__rosidl_typesupport_c.so
[10.480s] -- Set runtime path of "/opt/drone_project/ros2_ws/src/install/motion_capture_tracking_interfaces/lib/libmotion_capture_tracking_interfaces__rosidl_typesupport_c.so" to ""
[10.480s] -- Installing: /opt/drone_project/ros2_ws/src/install/motion_capture_tracking_interfaces/lib/libmotion_capture_tracking_interfaces__rosidl_typesupport_introspection_cpp.so
[10.480s] -- Set runtime path of "/opt/drone_project/ros2_ws/src/install/motion_capture_tracking_interfaces/lib/libmotion_capture_tracking_interfaces__rosidl_typesupport_introspection_cpp.so" to ""
[10.481s] -- Installing: /opt/drone_project/ros2_ws/src/install/motion_capture_tracking_interfaces/lib/libmotion_capture_tracking_interfaces__rosidl_typesupport_cpp.so
[10.481s] -- Set runtime path of "/opt/drone_project/ros2_ws/src/install/motion_capture_tracking_interfaces/lib/libmotion_capture_tracking_interfaces__rosidl_typesupport_cpp.so" to ""
[10.538s] Listing '/opt/drone_project/ros2_ws/src/install/motion_capture_tracking_interfaces/local/lib/python3.10/dist-packages/motion_capture_tracking_interfaces'...
[10.538s] Compiling '/opt/drone_project/ros2_ws/src/install/motion_capture_tracking_interfaces/local/lib/python3.10/dist-packages/motion_capture_tracking_interfaces/__init__.py'...
[10.538s] Listing '/opt/drone_project/ros2_ws/src/install/motion_capture_tracking_interfaces/local/lib/python3.10/dist-packages/motion_capture_tracking_interfaces/msg'...
[10.538s] Compiling '/opt/drone_project/ros2_ws/src/install/motion_capture_tracking_interfaces/local/lib/python3.10/dist-packages/motion_capture_tracking_interfaces/msg/__init__.py'...
[10.539s] Compiling '/opt/drone_project/ros2_ws/src/install/motion_capture_tracking_interfaces/local/lib/python3.10/dist-packages/motion_capture_tracking_interfaces/msg/_named_pose.py'...
[10.539s] Compiling '/opt/drone_project/ros2_ws/src/install/motion_capture_tracking_interfaces/local/lib/python3.10/dist-packages/motion_capture_tracking_interfaces/msg/_named_pose_array.py'...
[10.551s] -- Installing: /opt/drone_project/ros2_ws/src/install/motion_capture_tracking_interfaces/lib/libmotion_capture_tracking_interfaces__rosidl_generator_py.so
[10.551s] -- Set runtime path of "/opt/drone_project/ros2_ws/src/install/motion_capture_tracking_interfaces/lib/libmotion_capture_tracking_interfaces__rosidl_generator_py.so" to ""
[10.551s] -- Installing: /opt/drone_project/ros2_ws/src/install/motion_capture_tracking_interfaces/share/motion_capture_tracking_interfaces/cmake/export_motion_capture_tracking_interfaces__rosidl_generator_cExport.cmake
[10.551s] -- Installing: /opt/drone_project/ros2_ws/src/install/motion_capture_tracking_interfaces/share/motion_capture_tracking_interfaces/cmake/export_motion_capture_tracking_interfaces__rosidl_generator_cExport-noconfig.cmake
[10.552s] -- Installing: /opt/drone_project/ros2_ws/src/install/motion_capture_tracking_interfaces/share/motion_capture_tracking_interfaces/cmake/export_motion_capture_tracking_interfaces__rosidl_typesupport_fastrtps_cExport.cmake
[10.552s] -- Installing: /opt/drone_project/ros2_ws/src/install/motion_capture_tracking_interfaces/share/motion_capture_tracking_interfaces/cmake/export_motion_capture_tracking_interfaces__rosidl_typesupport_fastrtps_cExport-noconfig.cmake
[10.552s] -- Installing: /opt/drone_project/ros2_ws/src/install/motion_capture_tracking_interfaces/share/motion_capture_tracking_interfaces/cmake/export_motion_capture_tracking_interfaces__rosidl_generator_cppExport.cmake
[10.552s] -- Installing: /opt/drone_project/ros2_ws/src/install/motion_capture_tracking_interfaces/share/motion_capture_tracking_interfaces/cmake/export_motion_capture_tracking_interfaces__rosidl_typesupport_fastrtps_cppExport.cmake
[10.552s] -- Installing: /opt/drone_project/ros2_ws/src/install/motion_capture_tracking_interfaces/share/motion_capture_tracking_interfaces/cmake/export_motion_capture_tracking_interfaces__rosidl_typesupport_fastrtps_cppExport-noconfig.cmake
[10.552s] -- Installing: /opt/drone_project/ros2_ws/src/install/motion_capture_tracking_interfaces/share/motion_capture_tracking_interfaces/cmake/motion_capture_tracking_interfaces__rosidl_typesupport_introspection_cExport.cmake
[10.552s] -- Installing: /opt/drone_project/ros2_ws/src/install/motion_capture_tracking_interfaces/share/motion_capture_tracking_interfaces/cmake/motion_capture_tracking_interfaces__rosidl_typesupport_introspection_cExport-noconfig.cmake
[10.552s] -- Installing: /opt/drone_project/ros2_ws/src/install/motion_capture_tracking_interfaces/share/motion_capture_tracking_interfaces/cmake/motion_capture_tracking_interfaces__rosidl_typesupport_cExport.cmake
[10.553s] -- Installing: /opt/drone_project/ros2_ws/src/install/motion_capture_tracking_interfaces/share/motion_capture_tracking_interfaces/cmake/motion_capture_tracking_interfaces__rosidl_typesupport_cExport-noconfig.cmake
[10.553s] -- Installing: /opt/drone_project/ros2_ws/src/install/motion_capture_tracking_interfaces/share/motion_capture_tracking_interfaces/cmake/motion_capture_tracking_interfaces__rosidl_typesupport_introspection_cppExport.cmake
[10.553s] -- Installing: /opt/drone_project/ros2_ws/src/install/motion_capture_tracking_interfaces/share/motion_capture_tracking_interfaces/cmake/motion_capture_tracking_interfaces__rosidl_typesupport_introspection_cppExport-noconfig.cmake
[10.553s] -- Installing: /opt/drone_project/ros2_ws/src/install/motion_capture_tracking_interfaces/share/motion_capture_tracking_interfaces/cmake/motion_capture_tracking_interfaces__rosidl_typesupport_cppExport.cmake
[10.553s] -- Installing: /opt/drone_project/ros2_ws/src/install/motion_capture_tracking_interfaces/share/motion_capture_tracking_interfaces/cmake/motion_capture_tracking_interfaces__rosidl_typesupport_cppExport-noconfig.cmake
[10.553s] -- Installing: /opt/drone_project/ros2_ws/src/install/motion_capture_tracking_interfaces/share/motion_capture_tracking_interfaces/cmake/export_motion_capture_tracking_interfaces__rosidl_generator_pyExport.cmake
[10.553s] -- Installing: /opt/drone_project/ros2_ws/src/install/motion_capture_tracking_interfaces/share/motion_capture_tracking_interfaces/cmake/export_motion_capture_tracking_interfaces__rosidl_generator_pyExport-noconfig.cmake
[10.563s] Invoked command in '/opt/drone_project/ros2_ws/src/build/motion_capture_tracking_interfaces' returned '0': CMAKE_PREFIX_PATH=${CMAKE_PREFIX_PATH}:/opt/drone_project/ros2_ws/install/crazyflie_py:/opt/ros/humble /usr/bin/cmake --install /opt/drone_project/ros2_ws/src/build/motion_capture_tracking_interfaces
