[1.980s] Invoking command in '/opt/drone_project/ros2_ws/build/crazyflie_py': AMENT_PREFIX_PATH=/opt/drone_project/ros2_ws/install/crazyflie_interfaces:${AMENT_PREFIX_PATH} CMAKE_PREFIX_PATH=/opt/drone_project/ros2_ws/install/crazyflie_interfaces LD_LIBRARY_PATH=/opt/drone_project/ros2_ws/install/crazyflie_interfaces/lib:${LD_LIBRARY_PATH} PYTHONPATH=/opt/drone_project/ros2_ws/build/crazyflie_py/prefix_override:/opt/drone_project/ros2_ws/install/crazyflie_py/lib/python3.10/site-packages:/opt/drone_project/ros2_ws/install/crazyflie_interfaces/local/lib/python3.10/dist-packages:${PYTHONPATH} /usr/bin/python3 setup.py develop --editable --build-directory /opt/drone_project/ros2_ws/build/crazyflie_py/build --no-deps install_data
[2.547s] running develop
[2.549s] /usr/lib/python3/dist-packages/setuptools/command/easy_install.py:158: EasyInstallDeprecationWarning: easy_install command is deprecated. Use build and pip and other standards-based tools.
[2.550s]   warnings.warn(
[2.555s] /usr/lib/python3/dist-packages/setuptools/command/install.py:34: SetuptoolsDeprecationWarning: setup.py install is deprecated. Use build and pip and other standards-based tools.
[2.555s]   warnings.warn(
[2.604s] /usr/lib/python3/dist-packages/pkg_resources/__init__.py:116: PkgResourcesDeprecationWarning: 1.1build1 is an invalid version and will not be supported in a future release
[2.605s]   warnings.warn(
[2.700s] running egg_info
[2.703s] creating crazyflie_py.egg-info
[2.704s] writing crazyflie_py.egg-info/PKG-INFO
[2.704s] writing dependency_links to crazyflie_py.egg-info/dependency_links.txt
[2.705s] writing entry points to crazyflie_py.egg-info/entry_points.txt
[2.705s] writing requirements to crazyflie_py.egg-info/requires.txt
[2.706s] writing top-level names to crazyflie_py.egg-info/top_level.txt
[2.707s] writing manifest file 'crazyflie_py.egg-info/SOURCES.txt'
[2.707s] reading manifest file 'crazyflie_py.egg-info/SOURCES.txt'
[2.708s] writing manifest file 'crazyflie_py.egg-info/SOURCES.txt'
[2.710s] running build_ext
[2.710s] Creating /opt/drone_project/ros2_ws/install/crazyflie_py/lib/python3.10/site-packages/crazyflie-py.egg-link (link to .)
[2.711s] 
[2.712s] Installed /opt/drone_project/ros2_ws/build/crazyflie_py
[2.712s] running install_data
[2.712s] creating /opt/drone_project/ros2_ws/install/crazyflie_py/share/ament_index
[2.713s] creating /opt/drone_project/ros2_ws/install/crazyflie_py/share/ament_index/resource_index
[2.713s] creating /opt/drone_project/ros2_ws/install/crazyflie_py/share/ament_index/resource_index/packages
[2.713s] copying resource/crazyflie_py -> /opt/drone_project/ros2_ws/install/crazyflie_py/share/ament_index/resource_index/packages
[2.713s] copying package.xml -> /opt/drone_project/ros2_ws/install/crazyflie_py/share/crazyflie_py
[2.782s] Invoked command in '/opt/drone_project/ros2_ws/build/crazyflie_py' returned '0': AMENT_PREFIX_PATH=/opt/drone_project/ros2_ws/install/crazyflie_interfaces:${AMENT_PREFIX_PATH} CMAKE_PREFIX_PATH=/opt/drone_project/ros2_ws/install/crazyflie_interfaces LD_LIBRARY_PATH=/opt/drone_project/ros2_ws/install/crazyflie_interfaces/lib:${LD_LIBRARY_PATH} PYTHONPATH=/opt/drone_project/ros2_ws/build/crazyflie_py/prefix_override:/opt/drone_project/ros2_ws/install/crazyflie_py/lib/python3.10/site-packages:/opt/drone_project/ros2_ws/install/crazyflie_interfaces/local/lib/python3.10/dist-packages:${PYTHONPATH} /usr/bin/python3 setup.py develop --editable --build-directory /opt/drone_project/ros2_ws/build/crazyflie_py/build --no-deps install_data
